0 info it worked if it ends with ok
1 verbose cli [ '/Users/jj/.nvm/versions/io.js/v1.6.3/bin/iojs',
1 verbose cli   '/Users/JJ/.nvm/versions/io.js/v1.6.3/bin/npm',
1 verbose cli   'run',
1 verbose cli   'dev' ]
2 info using npm@2.7.4
3 info using node@v1.6.3
4 verbose run-script [ 'predev', 'dev', 'postdev' ]
5 info predev es6-boilerplate-webpack@0.1.0
6 info dev es6-boilerplate-webpack@0.1.0
7 verbose unsafe-perm in lifecycle true
8 info es6-boilerplate-webpack@0.1.0 Failed to exec dev script
9 verbose stack Error: es6-boilerplate-webpack@0.1.0 dev: `node server.js`
9 verbose stack Exit status 1
9 verbose stack     at EventEmitter.<anonymous> (/Users/JJ/.nvm/versions/io.js/v1.6.3/lib/node_modules/npm/lib/utils/lifecycle.js:213:16)
9 verbose stack     at emitTwo (events.js:87:13)
9 verbose stack     at EventEmitter.emit (events.js:169:7)
9 verbose stack     at ChildProcess.<anonymous> (/Users/JJ/.nvm/versions/io.js/v1.6.3/lib/node_modules/npm/lib/utils/spawn.js:14:12)
9 verbose stack     at emitTwo (events.js:87:13)
9 verbose stack     at ChildProcess.emit (events.js:169:7)
9 verbose stack     at maybeClose (child_process.js:984:16)
9 verbose stack     at Process.ChildProcess._handle.onexit (child_process.js:1057:5)
10 verbose pkgid es6-boilerplate-webpack@0.1.0
11 verbose cwd /Users/JJ/todo
12 error Darwin 14.3.0
13 error argv "/Users/jj/.nvm/versions/io.js/v1.6.3/bin/iojs" "/Users/JJ/.nvm/versions/io.js/v1.6.3/bin/npm" "run" "dev"
14 error node v1.6.3
15 error npm  v2.7.4
16 error code ELIFECYCLE
17 error es6-boilerplate-webpack@0.1.0 dev: `node server.js`
17 error Exit status 1
18 error Failed at the es6-boilerplate-webpack@0.1.0 dev script 'node server.js'.
18 error This is most likely a problem with the es6-boilerplate-webpack package,
18 error not with npm itself.
18 error Tell the author that this fails on your system:
18 error     node server.js
18 error You can get their info via:
18 error     npm owner ls es6-boilerplate-webpack
18 error There is likely additional logging output above.
19 verbose exit [ 1, true ]
